Arguments: 
  C:\Program Files\nodejs\node.exe C:\Users\brije\AppData\Roaming\npm\node_modules\yarn\bin\yarn.js add hardhat

PATH: 
  C:\Program Files\Common Files\Oracle\Java\javapath;C:\Program Files (x86)\Common Files\Oracle\Java\javapath;C:\Windows\system32;C:\Windows;C:\Windows\System32\Wbem;C:\Windows\System32\WindowsPowerShell\v1.0\;C:\Windows\System32\OpenSSH\;C:\Program Files\dotnet\;C:\mongosh-1.6.0\bin;C:\Program Files\MongoDB\Server\6.0\bin;C:\Program Files\nodejs\;C:\Program Files\Git\cmd;C:\Users\brije\AppData\Local\Programs\Python\Python310\Scripts\;C:\Users\brije\AppData\Local\Programs\Python\Python310\;C:\Users\brije\AppData\Local\Microsoft\WindowsApps;C:\Users\brije\AppData\Local\Programs\Microsoft VS Code\bin;C:\msys64\mingw64\bin;C:\msys64\usr\bin;C:\Users\brije\.dotnet\tools;C:\Users\brije\AppData\Roaming\npm;C:\Program Files\heroku\bin

Yarn version: 
  1.22.19

Node version: 
  18.10.0

Platform: 
  win32 x64

Trace: 
  Error: ENOENT: no such file or directory, lstat 'Z:\Web3\Week 2\buy\node_modules\@nomicfoundation\ethereumjs-rlp'

npm manifest: 
  {
    "name": "hardhat-project"
  }

yarn manifest: 
  No manifest

Lockfile: 
  No lockfile
